Partition Merge report for finalproject
Thu Jan 26 04:08:18 2023
Quartus II 64-Bit Version 13.1.0 Build 162 10/23/2013 SJ Web Edition


---------------------
; Table of Contents ;
---------------------
  1. Legal Notice
  2. Partition Merge Summary
  3. Partition Merge Netlist Types Used
  4. Connections to In-System Debugging Instance "auto_signaltap_0"
  5. Partition Merge Partition Statistics
  6. Partition Merge Partition Pin Processing
  7. Partition Merge Resource Usage Summary
  8. Partition Merge RAM Summary
  9. Partition Merge Messages



----------------
; Legal Notice ;
----------------
Copyright (C) 1991-2013 Altera Corporation
Your use of Altera Corporation's design tools, logic functions 
and other software and tools, and its AMPP partner logic 
functions, and any output files from any of the foregoing 
(including device programming or simulation files), and any 
associated documentation or information are expressly subject 
to the terms and conditions of the Altera Program License 
Subscription Agreement, Altera MegaCore Function License 
Agreement, or other applicable license agreement, including, 
without limitation, that your use is for the sole purpose of 
programming logic devices manufactured by Altera and sold by 
Altera or its authorized distributors.  Please refer to the 
applicable agreement for further details.



+---------------------------------------------------------------------------------+
; Partition Merge Summary                                                         ;
+------------------------------------+--------------------------------------------+
; Partition Merge Status             ; Successful - Thu Jan 26 04:08:18 2023      ;
; Quartus II 64-Bit Version          ; 13.1.0 Build 162 10/23/2013 SJ Web Edition ;
; Revision Name                      ; finalproject                               ;
; Top-level Entity Name              ; finalproject                               ;
; Family                             ; Cyclone IV E                               ;
; Total logic elements               ; 9,114                                      ;
;     Total combinational functions  ; 4,801                                      ;
;     Dedicated logic registers      ; 5,308                                      ;
; Total registers                    ; 5308                                       ;
; Total pins                         ; 20                                         ;
; Total virtual pins                 ; 0                                          ;
; Total memory bits                  ; 6,144                                      ;
; Embedded Multiplier 9-bit elements ; 0                                          ;
; Total PLLs                         ; 0                                          ;
+------------------------------------+--------------------------------------------+


+-------------------------------------------------------------------------------------------------------------------------------+
; Partition Merge Netlist Types Used                                                                                            ;
+--------------------------------+----------------+-------------------+------------------------+--------------------------------+
; Partition Name                 ; Partition Type ; Netlist Type Used ; Netlist Type Requested ; Partition Contents             ;
+--------------------------------+----------------+-------------------+------------------------+--------------------------------+
; Top                            ; User-created   ; Source File       ; Source File            ;                                ;
; sld_hub:auto_hub               ; Auto-generated ; Post-Synthesis    ; Post-Synthesis         ; sld_hub:auto_hub               ;
; sld_signaltap:auto_signaltap_0 ; Auto-generated ; Post-Synthesis    ; Post-Synthesis         ; sld_signaltap:auto_signaltap_0 ;
; hard_block:auto_generated_inst ; Auto-generated ; Source File       ; Source File            ; hard_block:auto_generated_inst ;
+--------------------------------+----------------+-------------------+------------------------+--------------------------------+


+-----------------------------------------------------------------------------------------------------------------------------+
; Connections to In-System Debugging Instance "auto_signaltap_0"                                                              ;
+-------------------------+--------------+-----------+----------------+-------------------+-------------------------+---------+
; Name                    ; Type         ; Status    ; Partition Name ; Netlist Type Used ; Actual Connection       ; Details ;
+-------------------------+--------------+-----------+----------------+-------------------+-------------------------+---------+
; bird:br1|regbank[4][0]  ; post-fitting ; connected ; Top            ; post-synthesis    ; bird:br1|regbank[4][0]  ; N/A     ;
; bird:br1|regbank[4][0]  ; post-fitting ; connected ; Top            ; post-synthesis    ; bird:br1|regbank[4][0]  ; N/A     ;
; bird:br1|regbank[4][10] ; post-fitting ; connected ; Top            ; post-synthesis    ; bird:br1|regbank[4][10] ; N/A     ;
; bird:br1|regbank[4][10] ; post-fitting ; connected ; Top            ; post-synthesis    ; bird:br1|regbank[4][10] ; N/A     ;
; bird:br1|regbank[4][11] ; post-fitting ; connected ; Top            ; post-synthesis    ; bird:br1|regbank[4][11] ; N/A     ;
; bird:br1|regbank[4][11] ; post-fitting ; connected ; Top            ; post-synthesis    ; bird:br1|regbank[4][11] ; N/A     ;
; bird:br1|regbank[4][12] ; post-fitting ; connected ; Top            ; post-synthesis    ; bird:br1|regbank[4][12] ; N/A     ;
; bird:br1|regbank[4][12] ; post-fitting ; connected ; Top            ; post-synthesis    ; bird:br1|regbank[4][12] ; N/A     ;
; bird:br1|regbank[4][13] ; post-fitting ; connected ; Top            ; post-synthesis    ; bird:br1|regbank[4][13] ; N/A     ;
; bird:br1|regbank[4][13] ; post-fitting ; connected ; Top            ; post-synthesis    ; bird:br1|regbank[4][13] ; N/A     ;
; bird:br1|regbank[4][14] ; post-fitting ; connected ; Top            ; post-synthesis    ; bird:br1|regbank[4][14] ; N/A     ;
; bird:br1|regbank[4][14] ; post-fitting ; connected ; Top            ; post-synthesis    ; bird:br1|regbank[4][14] ; N/A     ;
; bird:br1|regbank[4][15] ; post-fitting ; connected ; Top            ; post-synthesis    ; bird:br1|regbank[4][15] ; N/A     ;
; bird:br1|regbank[4][15] ; post-fitting ; connected ; Top            ; post-synthesis    ; bird:br1|regbank[4][15] ; N/A     ;
; bird:br1|regbank[4][1]  ; post-fitting ; connected ; Top            ; post-synthesis    ; bird:br1|regbank[4][1]  ; N/A     ;
; bird:br1|regbank[4][1]  ; post-fitting ; connected ; Top            ; post-synthesis    ; bird:br1|regbank[4][1]  ; N/A     ;
; bird:br1|regbank[4][2]  ; post-fitting ; connected ; Top            ; post-synthesis    ; bird:br1|regbank[4][2]  ; N/A     ;
; bird:br1|regbank[4][2]  ; post-fitting ; connected ; Top            ; post-synthesis    ; bird:br1|regbank[4][2]  ; N/A     ;
; bird:br1|regbank[4][3]  ; post-fitting ; connected ; Top            ; post-synthesis    ; bird:br1|regbank[4][3]  ; N/A     ;
; bird:br1|regbank[4][3]  ; post-fitting ; connected ; Top            ; post-synthesis    ; bird:br1|regbank[4][3]  ; N/A     ;
; bird:br1|regbank[4][4]  ; post-fitting ; connected ; Top            ; post-synthesis    ; bird:br1|regbank[4][4]  ; N/A     ;
; bird:br1|regbank[4][4]  ; post-fitting ; connected ; Top            ; post-synthesis    ; bird:br1|regbank[4][4]  ; N/A     ;
; bird:br1|regbank[4][5]  ; post-fitting ; connected ; Top            ; post-synthesis    ; bird:br1|regbank[4][5]  ; N/A     ;
; bird:br1|regbank[4][5]  ; post-fitting ; connected ; Top            ; post-synthesis    ; bird:br1|regbank[4][5]  ; N/A     ;
; bird:br1|regbank[4][6]  ; post-fitting ; connected ; Top            ; post-synthesis    ; bird:br1|regbank[4][6]  ; N/A     ;
; bird:br1|regbank[4][6]  ; post-fitting ; connected ; Top            ; post-synthesis    ; bird:br1|regbank[4][6]  ; N/A     ;
; bird:br1|regbank[4][7]  ; post-fitting ; connected ; Top            ; post-synthesis    ; bird:br1|regbank[4][7]  ; N/A     ;
; bird:br1|regbank[4][7]  ; post-fitting ; connected ; Top            ; post-synthesis    ; bird:br1|regbank[4][7]  ; N/A     ;
; bird:br1|regbank[4][8]  ; post-fitting ; connected ; Top            ; post-synthesis    ; bird:br1|regbank[4][8]  ; N/A     ;
; bird:br1|regbank[4][8]  ; post-fitting ; connected ; Top            ; post-synthesis    ; bird:br1|regbank[4][8]  ; N/A     ;
; bird:br1|regbank[4][9]  ; post-fitting ; connected ; Top            ; post-synthesis    ; bird:br1|regbank[4][9]  ; N/A     ;
; bird:br1|regbank[4][9]  ; post-fitting ; connected ; Top            ; post-synthesis    ; bird:br1|regbank[4][9]  ; N/A     ;
; clk                     ; post-fitting ; connected ; Top            ; post-synthesis    ; clk                     ; N/A     ;
; h_h[0]                  ; post-fitting ; connected ; Top            ; post-synthesis    ; h_h[0]                  ; N/A     ;
; h_h[0]                  ; post-fitting ; connected ; Top            ; post-synthesis    ; h_h[0]                  ; N/A     ;
; h_h[10]                 ; post-fitting ; connected ; Top            ; post-synthesis    ; h_h[10]                 ; N/A     ;
; h_h[10]                 ; post-fitting ; connected ; Top            ; post-synthesis    ; h_h[10]                 ; N/A     ;
; h_h[11]                 ; post-fitting ; connected ; Top            ; post-synthesis    ; h_h[11]                 ; N/A     ;
; h_h[11]                 ; post-fitting ; connected ; Top            ; post-synthesis    ; h_h[11]                 ; N/A     ;
; h_h[12]                 ; post-fitting ; connected ; Top            ; post-synthesis    ; h_h[12]                 ; N/A     ;
; h_h[12]                 ; post-fitting ; connected ; Top            ; post-synthesis    ; h_h[12]                 ; N/A     ;
; h_h[13]                 ; post-fitting ; connected ; Top            ; post-synthesis    ; h_h[13]                 ; N/A     ;
; h_h[13]                 ; post-fitting ; connected ; Top            ; post-synthesis    ; h_h[13]                 ; N/A     ;
; h_h[14]                 ; post-fitting ; connected ; Top            ; post-synthesis    ; h_h[14]                 ; N/A     ;
; h_h[14]                 ; post-fitting ; connected ; Top            ; post-synthesis    ; h_h[14]                 ; N/A     ;
; h_h[15]                 ; post-fitting ; connected ; Top            ; post-synthesis    ; h_h[15]                 ; N/A     ;
; h_h[15]                 ; post-fitting ; connected ; Top            ; post-synthesis    ; h_h[15]                 ; N/A     ;
; h_h[1]                  ; post-fitting ; connected ; Top            ; post-synthesis    ; h_h[1]                  ; N/A     ;
; h_h[1]                  ; post-fitting ; connected ; Top            ; post-synthesis    ; h_h[1]                  ; N/A     ;
; h_h[2]                  ; post-fitting ; connected ; Top            ; post-synthesis    ; h_h[2]                  ; N/A     ;
; h_h[2]                  ; post-fitting ; connected ; Top            ; post-synthesis    ; h_h[2]                  ; N/A     ;
; h_h[3]                  ; post-fitting ; connected ; Top            ; post-synthesis    ; h_h[3]                  ; N/A     ;
; h_h[3]                  ; post-fitting ; connected ; Top            ; post-synthesis    ; h_h[3]                  ; N/A     ;
; h_h[4]                  ; post-fitting ; connected ; Top            ; post-synthesis    ; h_h[4]                  ; N/A     ;
; h_h[4]                  ; post-fitting ; connected ; Top            ; post-synthesis    ; h_h[4]                  ; N/A     ;
; h_h[5]                  ; post-fitting ; connected ; Top            ; post-synthesis    ; h_h[5]                  ; N/A     ;
; h_h[5]                  ; post-fitting ; connected ; Top            ; post-synthesis    ; h_h[5]                  ; N/A     ;
; h_h[6]                  ; post-fitting ; connected ; Top            ; post-synthesis    ; h_h[6]                  ; N/A     ;
; h_h[6]                  ; post-fitting ; connected ; Top            ; post-synthesis    ; h_h[6]                  ; N/A     ;
; h_h[7]                  ; post-fitting ; connected ; Top            ; post-synthesis    ; h_h[7]                  ; N/A     ;
; h_h[7]                  ; post-fitting ; connected ; Top            ; post-synthesis    ; h_h[7]                  ; N/A     ;
; h_h[8]                  ; post-fitting ; connected ; Top            ; post-synthesis    ; h_h[8]                  ; N/A     ;
; h_h[8]                  ; post-fitting ; connected ; Top            ; post-synthesis    ; h_h[8]                  ; N/A     ;
; h_h[9]                  ; post-fitting ; connected ; Top            ; post-synthesis    ; h_h[9]                  ; N/A     ;
; h_h[9]                  ; post-fitting ; connected ; Top            ; post-synthesis    ; h_h[9]                  ; N/A     ;
; v_v[0]                  ; post-fitting ; connected ; Top            ; post-synthesis    ; v_v[0]                  ; N/A     ;
; v_v[0]                  ; post-fitting ; connected ; Top            ; post-synthesis    ; v_v[0]                  ; N/A     ;
; v_v[10]                 ; post-fitting ; connected ; Top            ; post-synthesis    ; v_v[10]                 ; N/A     ;
; v_v[10]                 ; post-fitting ; connected ; Top            ; post-synthesis    ; v_v[10]                 ; N/A     ;
; v_v[11]                 ; post-fitting ; connected ; Top            ; post-synthesis    ; v_v[11]                 ; N/A     ;
; v_v[11]                 ; post-fitting ; connected ; Top            ; post-synthesis    ; v_v[11]                 ; N/A     ;
; v_v[12]                 ; post-fitting ; connected ; Top            ; post-synthesis    ; v_v[12]                 ; N/A     ;
; v_v[12]                 ; post-fitting ; connected ; Top            ; post-synthesis    ; v_v[12]                 ; N/A     ;
; v_v[13]                 ; post-fitting ; connected ; Top            ; post-synthesis    ; v_v[13]                 ; N/A     ;
; v_v[13]                 ; post-fitting ; connected ; Top            ; post-synthesis    ; v_v[13]                 ; N/A     ;
; v_v[14]                 ; post-fitting ; connected ; Top            ; post-synthesis    ; v_v[14]                 ; N/A     ;
; v_v[14]                 ; post-fitting ; connected ; Top            ; post-synthesis    ; v_v[14]                 ; N/A     ;
; v_v[15]                 ; post-fitting ; connected ; Top            ; post-synthesis    ; v_v[15]                 ; N/A     ;
; v_v[15]                 ; post-fitting ; connected ; Top            ; post-synthesis    ; v_v[15]                 ; N/A     ;
; v_v[1]                  ; post-fitting ; connected ; Top            ; post-synthesis    ; v_v[1]                  ; N/A     ;
; v_v[1]                  ; post-fitting ; connected ; Top            ; post-synthesis    ; v_v[1]                  ; N/A     ;
; v_v[2]                  ; post-fitting ; connected ; Top            ; post-synthesis    ; v_v[2]                  ; N/A     ;
; v_v[2]                  ; post-fitting ; connected ; Top            ; post-synthesis    ; v_v[2]                  ; N/A     ;
; v_v[3]                  ; post-fitting ; connected ; Top            ; post-synthesis    ; v_v[3]                  ; N/A     ;
; v_v[3]                  ; post-fitting ; connected ; Top            ; post-synthesis    ; v_v[3]                  ; N/A     ;
; v_v[4]                  ; post-fitting ; connected ; Top            ; post-synthesis    ; v_v[4]                  ; N/A     ;
; v_v[4]                  ; post-fitting ; connected ; Top            ; post-synthesis    ; v_v[4]                  ; N/A     ;
; v_v[5]                  ; post-fitting ; connected ; Top            ; post-synthesis    ; v_v[5]                  ; N/A     ;
; v_v[5]                  ; post-fitting ; connected ; Top            ; post-synthesis    ; v_v[5]                  ; N/A     ;
; v_v[6]                  ; post-fitting ; connected ; Top            ; post-synthesis    ; v_v[6]                  ; N/A     ;
; v_v[6]                  ; post-fitting ; connected ; Top            ; post-synthesis    ; v_v[6]                  ; N/A     ;
; v_v[7]                  ; post-fitting ; connected ; Top            ; post-synthesis    ; v_v[7]                  ; N/A     ;
; v_v[7]                  ; post-fitting ; connected ; Top            ; post-synthesis    ; v_v[7]                  ; N/A     ;
; v_v[8]                  ; post-fitting ; connected ; Top            ; post-synthesis    ; v_v[8]                  ; N/A     ;
; v_v[8]                  ; post-fitting ; connected ; Top            ; post-synthesis    ; v_v[8]                  ; N/A     ;
; v_v[9]                  ; post-fitting ; connected ; Top            ; post-synthesis    ; v_v[9]                  ; N/A     ;
; v_v[9]                  ; post-fitting ; connected ; Top            ; post-synthesis    ; v_v[9]                  ; N/A     ;
+-------------------------+--------------+-----------+----------------+-------------------+-------------------------+---------+


+------------------------------------------------------------------------------------------------------------------------------------------+
; Partition Merge Partition Statistics                                                                                                     ;
+---------------------------------------------+-------+------------------+--------------------------------+--------------------------------+
; Statistic                                   ; Top   ; sld_hub:auto_hub ; sld_signaltap:auto_signaltap_0 ; hard_block:auto_generated_inst ;
+---------------------------------------------+-------+------------------+--------------------------------+--------------------------------+
; Estimated Total logic elements              ; 7956  ; 149              ; 1009                           ; 0                              ;
;                                             ;       ;                  ;                                ;                                ;
; Total combinational functions               ; 4238  ; 123              ; 440                            ; 0                              ;
; Logic element usage by number of LUT inputs ;       ;                  ;                                ;                                ;
;     -- 4 input functions                    ; 3093  ; 52               ; 213                            ; 0                              ;
;     -- 3 input functions                    ; 482   ; 34               ; 127                            ; 0                              ;
;     -- <=2 input functions                  ; 663   ; 37               ; 100                            ; 0                              ;
;                                             ;       ;                  ;                                ;                                ;
; Logic elements by mode                      ;       ;                  ;                                ;                                ;
;     -- normal mode                          ; 4059  ; 115              ; 373                            ; 0                              ;
;     -- arithmetic mode                      ; 179   ; 8                ; 67                             ; 0                              ;
;                                             ;       ;                  ;                                ;                                ;
; Total registers                             ; 4369  ; 90               ; 849                            ; 0                              ;
;     -- Dedicated logic registers            ; 4369  ; 90               ; 849                            ; 0                              ;
;     -- I/O registers                        ; 0     ; 0                ; 0                              ; 0                              ;
;                                             ;       ;                  ;                                ;                                ;
; Virtual pins                                ; 0     ; 0                ; 0                              ; 0                              ;
; I/O pins                                    ; 20    ; 0                ; 0                              ; 0                              ;
; Embedded Multiplier 9-bit elements          ; 0     ; 0                ; 0                              ; 0                              ;
; Total memory bits                           ; 0     ; 0                ; 6144                           ; 0                              ;
; Total RAM block bits                        ; 0     ; 0                ; 0                              ; 0                              ;
; JTAG                                        ; 1     ; 0                ; 0                              ; 0                              ;
;                                             ;       ;                  ;                                ;                                ;
; Connections                                 ;       ;                  ;                                ;                                ;
;     -- Input Connections                    ; 1     ; 133              ; 1227                           ; 0                              ;
;     -- Registered Input Connections         ; 0     ; 101              ; 964                            ; 0                              ;
;     -- Output Connections                   ; 1169  ; 191              ; 1                              ; 0                              ;
;     -- Registered Output Connections        ; 96    ; 190              ; 0                              ; 0                              ;
;                                             ;       ;                  ;                                ;                                ;
; Internal Connections                        ;       ;                  ;                                ;                                ;
;     -- Total Connections                    ; 28933 ; 864              ; 4845                           ; 0                              ;
;     -- Registered Connections               ; 5393  ; 641              ; 3388                           ; 0                              ;
;                                             ;       ;                  ;                                ;                                ;
; External Connections                        ;       ;                  ;                                ;                                ;
;     -- Top                                  ; 0     ; 123              ; 1047                           ; 0                              ;
;     -- sld_hub:auto_hub                     ; 123   ; 20               ; 181                            ; 0                              ;
;     -- sld_signaltap:auto_signaltap_0       ; 1047  ; 181              ; 0                              ; 0                              ;
;     -- hard_block:auto_generated_inst       ; 0     ; 0                ; 0                              ; 0                              ;
;                                             ;       ;                  ;                                ;                                ;
; Partition Interface                         ;       ;                  ;                                ;                                ;
;     -- Input Ports                          ; 7     ; 21               ; 155                            ; 0                              ;
;     -- Output Ports                         ; 17    ; 39               ; 108                            ; 0                              ;
;     -- Bidir Ports                          ; 0     ; 0                ; 0                              ; 0                              ;
;                                             ;       ;                  ;                                ;                                ;
; Registered Ports                            ;       ;                  ;                                ;                                ;
;     -- Registered Input Ports               ; 0     ; 4                ; 101                            ; 0                              ;
;     -- Registered Output Ports              ; 0     ; 28               ; 97                             ; 0                              ;
;                                             ;       ;                  ;                                ;                                ;
; Port Connectivity                           ;       ;                  ;                                ;                                ;
;     -- Input Ports driven by GND            ; 0     ; 1                ; 0                              ; 0                              ;
;     -- Output Ports driven by GND           ; 0     ; 1                ; 0                              ; 0                              ;
;     -- Input Ports driven by VCC            ; 0     ; 0                ; 0                              ; 0                              ;
;     -- Output Ports driven by VCC           ; 0     ; 0                ; 0                              ; 0                              ;
;     -- Input Ports with no Source           ; 0     ; 1                ; 35                             ; 0                              ;
;     -- Output Ports with no Source          ; 0     ; 0                ; 0                              ; 0                              ;
;     -- Input Ports with no Fanout           ; 0     ; 2                ; 40                             ; 0                              ;
;     -- Output Ports with no Fanout          ; 0     ; 15               ; 97                             ; 0                              ;
+---------------------------------------------+-------+------------------+--------------------------------+--------------------------------+
Note: Resource usage numbers presented for Partitions containing post-synthesis logic are estimates.  For Partitions containing post-fit logic, resource usage numbers are accurate based on previous placement information.  Actual Fitter results may vary depending on current Fitter Preservation Level assignments.


+----------------------------------------------------------------------------------------+
; Partition Merge Partition Pin Processing                                               ;
+-----------------------------------+-----------+---------------+----------+-------------+
; Name                              ; Partition ; Type          ; Location ; Status      ;
+-----------------------------------+-----------+---------------+----------+-------------+
; altera_reserved_tck               ; Top       ; Input Port    ; n/a      ;             ;
;     -- altera_reserved_tck        ; Top       ; Input Pad     ; Unplaced ; Synthesized ;
;     -- altera_reserved_tck~input  ; Top       ; Input Buffer  ; Unplaced ; Synthesized ;
;                                   ;           ;               ;          ;             ;
; altera_reserved_tdi               ; Top       ; Input Port    ; n/a      ;             ;
;     -- altera_reserved_tdi        ; Top       ; Input Pad     ; Unplaced ; Synthesized ;
;     -- altera_reserved_tdi~input  ; Top       ; Input Buffer  ; Unplaced ; Synthesized ;
;                                   ;           ;               ;          ;             ;
; altera_reserved_tdo               ; Top       ; Output Port   ; n/a      ;             ;
;     -- altera_reserved_tdo        ; Top       ; Output Pad    ; Unplaced ; Synthesized ;
;     -- altera_reserved_tdo~output ; Top       ; Output Buffer ; Unplaced ; Synthesized ;
;                                   ;           ;               ;          ;             ;
; altera_reserved_tms               ; Top       ; Input Port    ; n/a      ;             ;
;     -- altera_reserved_tms        ; Top       ; Input Pad     ; Unplaced ; Synthesized ;
;     -- altera_reserved_tms~input  ; Top       ; Input Buffer  ; Unplaced ; Synthesized ;
;                                   ;           ;               ;          ;             ;
; clk                               ; Top       ; Input Port    ; n/a      ;             ;
;     -- clk                        ; Top       ; Input Pad     ; Unplaced ; Synthesized ;
;     -- clk~input                  ; Top       ; Input Buffer  ; Unplaced ; Synthesized ;
;                                   ;           ;               ;          ;             ;
; display[0]                        ; Top       ; Output Port   ; n/a      ;             ;
;     -- display[0]                 ; Top       ; Output Pad    ; Unplaced ; Synthesized ;
;     -- display[0]~output          ; Top       ; Output Buffer ; Unplaced ; Synthesized ;
;                                   ;           ;               ;          ;             ;
; display[1]                        ; Top       ; Output Port   ; n/a      ;             ;
;     -- display[1]                 ; Top       ; Output Pad    ; Unplaced ; Synthesized ;
;     -- display[1]~output          ; Top       ; Output Buffer ; Unplaced ; Synthesized ;
;                                   ;           ;               ;          ;             ;
; display[2]                        ; Top       ; Output Port   ; n/a      ;             ;
;     -- display[2]                 ; Top       ; Output Pad    ; Unplaced ; Synthesized ;
;     -- display[2]~output          ; Top       ; Output Buffer ; Unplaced ; Synthesized ;
;                                   ;           ;               ;          ;             ;
; display[3]                        ; Top       ; Output Port   ; n/a      ;             ;
;     -- display[3]                 ; Top       ; Output Pad    ; Unplaced ; Synthesized ;
;     -- display[3]~output          ; Top       ; Output Buffer ; Unplaced ; Synthesized ;
;                                   ;           ;               ;          ;             ;
; display[4]                        ; Top       ; Output Port   ; n/a      ;             ;
;     -- display[4]                 ; Top       ; Output Pad    ; Unplaced ; Synthesized ;
;     -- display[4]~output          ; Top       ; Output Buffer ; Unplaced ; Synthesized ;
;                                   ;           ;               ;          ;             ;
; display[5]                        ; Top       ; Output Port   ; n/a      ;             ;
;     -- display[5]                 ; Top       ; Output Pad    ; Unplaced ; Synthesized ;
;     -- display[5]~output          ; Top       ; Output Buffer ; Unplaced ; Synthesized ;
;                                   ;           ;               ;          ;             ;
; display[6]                        ; Top       ; Output Port   ; n/a      ;             ;
;     -- display[6]                 ; Top       ; Output Pad    ; Unplaced ; Synthesized ;
;     -- display[6]~output          ; Top       ; Output Buffer ; Unplaced ; Synthesized ;
;                                   ;           ;               ;          ;             ;
; grounds[0]                        ; Top       ; Output Port   ; n/a      ;             ;
;     -- grounds[0]                 ; Top       ; Output Pad    ; Unplaced ; Synthesized ;
;     -- grounds[0]~output          ; Top       ; Output Buffer ; Unplaced ; Synthesized ;
;                                   ;           ;               ;          ;             ;
; grounds[1]                        ; Top       ; Output Port   ; n/a      ;             ;
;     -- grounds[1]                 ; Top       ; Output Pad    ; Unplaced ; Synthesized ;
;     -- grounds[1]~output          ; Top       ; Output Buffer ; Unplaced ; Synthesized ;
;                                   ;           ;               ;          ;             ;
; grounds[2]                        ; Top       ; Output Port   ; n/a      ;             ;
;     -- grounds[2]                 ; Top       ; Output Pad    ; Unplaced ; Synthesized ;
;     -- grounds[2]~output          ; Top       ; Output Buffer ; Unplaced ; Synthesized ;
;                                   ;           ;               ;          ;             ;
; grounds[3]                        ; Top       ; Output Port   ; n/a      ;             ;
;     -- grounds[3]                 ; Top       ; Output Pad    ; Unplaced ; Synthesized ;
;     -- grounds[3]~output          ; Top       ; Output Buffer ; Unplaced ; Synthesized ;
;                                   ;           ;               ;          ;             ;
; hsync                             ; Top       ; Output Port   ; n/a      ;             ;
;     -- hsync                      ; Top       ; Output Pad    ; Unplaced ; Synthesized ;
;     -- hsync~output               ; Top       ; Output Buffer ; Unplaced ; Synthesized ;
;                                   ;           ;               ;          ;             ;
; ps2c                              ; Top       ; Input Port    ; n/a      ;             ;
;     -- ps2c                       ; Top       ; Input Pad     ; Unplaced ; Synthesized ;
;     -- ps2c~input                 ; Top       ; Input Buffer  ; Unplaced ; Synthesized ;
;                                   ;           ;               ;          ;             ;
; ps2d                              ; Top       ; Input Port    ; n/a      ;             ;
;     -- ps2d                       ; Top       ; Input Pad     ; Unplaced ; Synthesized ;
;     -- ps2d~input                 ; Top       ; Input Buffer  ; Unplaced ; Synthesized ;
;                                   ;           ;               ;          ;             ;
; pushbutton                        ; Top       ; Input Port    ; n/a      ;             ;
;     -- pushbutton                 ; Top       ; Input Pad     ; Unplaced ; Synthesized ;
;     -- pushbutton~input           ; Top       ; Input Buffer  ; Unplaced ; Synthesized ;
;                                   ;           ;               ;          ;             ;
; rgb[0]                            ; Top       ; Output Port   ; n/a      ;             ;
;     -- rgb[0]                     ; Top       ; Output Pad    ; Unplaced ; Synthesized ;
;     -- rgb[0]~output              ; Top       ; Output Buffer ; Unplaced ; Synthesized ;
;                                   ;           ;               ;          ;             ;
; rgb[1]                            ; Top       ; Output Port   ; n/a      ;             ;
;     -- rgb[1]                     ; Top       ; Output Pad    ; Unplaced ; Synthesized ;
;     -- rgb[1]~output              ; Top       ; Output Buffer ; Unplaced ; Synthesized ;
;                                   ;           ;               ;          ;             ;
; rgb[2]                            ; Top       ; Output Port   ; n/a      ;             ;
;     -- rgb[2]                     ; Top       ; Output Pad    ; Unplaced ; Synthesized ;
;     -- rgb[2]~output              ; Top       ; Output Buffer ; Unplaced ; Synthesized ;
;                                   ;           ;               ;          ;             ;
; vsync                             ; Top       ; Output Port   ; n/a      ;             ;
;     -- vsync                      ; Top       ; Output Pad    ; Unplaced ; Synthesized ;
;     -- vsync~output               ; Top       ; Output Buffer ; Unplaced ; Synthesized ;
;                                   ;           ;               ;          ;             ;
+-----------------------------------+-----------+---------------+----------+-------------+


+---------------------------------------------------------+
; Partition Merge Resource Usage Summary                  ;
+---------------------------------------------+-----------+
; Resource                                    ; Usage     ;
+---------------------------------------------+-----------+
; Estimated Total logic elements              ; 9,114     ;
;                                             ;           ;
; Total combinational functions               ; 4801      ;
; Logic element usage by number of LUT inputs ;           ;
;     -- 4 input functions                    ; 3358      ;
;     -- 3 input functions                    ; 643       ;
;     -- <=2 input functions                  ; 800       ;
;                                             ;           ;
; Logic elements by mode                      ;           ;
;     -- normal mode                          ; 4547      ;
;     -- arithmetic mode                      ; 254       ;
;                                             ;           ;
; Total registers                             ; 5308      ;
;     -- Dedicated logic registers            ; 5308      ;
;     -- I/O registers                        ; 0         ;
;                                             ;           ;
; I/O pins                                    ; 20        ;
; Total memory bits                           ; 6144      ;
; Embedded Multiplier 9-bit elements          ; 0         ;
; Maximum fan-out node                        ; clk~input ;
; Maximum fan-out                             ; 4895      ;
; Total fan-out                               ; 33230     ;
; Average fan-out                             ; 3.26      ;
+---------------------------------------------+-----------+


+-----------------------------------------------------------------------------------------------------------------------------------------------------------------------------------------------------------------------------------------------------------------------------------------------------------+
; Partition Merge RAM Summary                                                                                                                                                                                                                                                                               ;
+-------------------------------------------------------------------------------------------------------------------------------------------------------------------------------------------------------+------+------------------+--------------+--------------+--------------+--------------+------+------+
; Name                                                                                                                                                                                                  ; Type ; Mode             ; Port A Depth ; Port A Width ; Port B Depth ; Port B Width ; Size ; MIF  ;
+-------------------------------------------------------------------------------------------------------------------------------------------------------------------------------------------------------+------+------------------+--------------+--------------+--------------+--------------+------+------+
; sld_signaltap:auto_signaltap_0|sld_signaltap_impl:sld_signaltap_body|sld_signaltap_implb:sld_signaltap_body|altsyncram:\stp_non_zero_ram_gen:stp_buffer_ram|altsyncram_ou14:auto_generated|ALTSYNCRAM ; AUTO ; Simple Dual Port ; 128          ; 48           ; 128          ; 48           ; 6144 ; None ;
+-------------------------------------------------------------------------------------------------------------------------------------------------------------------------------------------------------+------+------------------+--------------+--------------+--------------+--------------+------+------+


+--------------------------+
; Partition Merge Messages ;
+--------------------------+
Info: *******************************************************************
Info: Running Quartus II 64-Bit Partition Merge
    Info: Version 13.1.0 Build 162 10/23/2013 SJ Web Edition
    Info: Processing started: Thu Jan 26 04:08:16 2023
Info: Command: quartus_cdb --read_settings_files=off --write_settings_files=off finalproject -c finalproject --merge=on
Info (35007): Using synthesis netlist for partition "Top"
Info (35007): Using synthesis netlist for partition "sld_hub:auto_hub"
Info (35007): Using synthesis netlist for partition "sld_signaltap:auto_signaltap_0"
Info (35024): Succesfully connected in-system debug instance "auto_signaltap_0" to all 97 required data inputs, trigger inputs, acquisition clocks, and dynamic pins
Info (35002): Resolved and merged 3 partition(s)
Info (16010): Generating hard_block partition "hard_block:auto_generated_inst"
    Info (16011): Adding 0 node(s), including 0 DDIO, 0 PLL, 0 transceiver and 0 LCELL
Warning (21074): Design contains 1 input pin(s) that do not drive logic
    Warning (15610): No output dependent on input pin "pushbutton"
Info (21057): Implemented 9243 device resources after synthesis - the final resource count might be different
    Info (21058): Implemented 7 input pins
    Info (21059): Implemented 17 output pins
    Info (21061): Implemented 9170 logic cells
    Info (21064): Implemented 48 RAM segments
Info: Quartus II 64-Bit Partition Merge was successful. 0 errors, 2 warnings
    Info: Peak virtual memory: 4669 megabytes
    Info: Processing ended: Thu Jan 26 04:08:18 2023
    Info: Elapsed time: 00:00:02
    Info: Total CPU time (on all processors): 00:00:02


